[yyyy/mm/dd@HH:MM:SS] This is the begin of the Log data for Co-Streaming Utility version v2.0.0:
=========
Last saved settings:
[yyyy/mm/dd@HH:MM:SS] SETTINGS: Message to sent in chat with Co-Streaming url: /me {caster} is currently co-streaming with {friends} at {url} ! Click the url to a co-view of {game}!
[yyyy/mm/dd@HH:MM:SS] SETTINGS: Preferred Co-Streaming provider: selected.provider
[yyyy/mm/dd@HH:MM:SS] SETTINGS: Game played during Co-Streaming: savedGame
[yyyy/mm/dd@HH:MM:SS] SETTINGS: Command to set url for Co-Streaming: !setcoon
[yyyy/mm/dd@HH:MM:SS] SETTINGS: Command to reset url for Co-Streaming: !setcooff
[yyyy/mm/dd@HH:MM:SS] SETTINGS: Command to set game manually: !setcogame
[yyyy/mm/dd@HH:MM:SS] SETTINGS: Command to display Co-Streaming url in chat: !costream
[yyyy/mm/dd@HH:MM:SS] SETTINGS: User cooldown between uses of Co-Streaming display command: 5.0
[yyyy/mm/dd@HH:MM:SS] SETTINGS: Allow the script to auto post Co-Stream url: True
[yyyy/mm/dd@HH:MM:SS] SETTINGS: Time between auto Co-Streaming Messages: HH.0
[yyyy/mm/dd@HH:MM:SS] SETTINGS: URL created for display in chat:
=========
[yyyy/mm/dd@HH:MM:SS] COMMAND: !costream used by user1 with the following arguments:
[yyyy/mm/dd@HH:MM:SS] ERROR: user1 tried to display the url in chat with no success. (Reason: No URL was set).
[yyyy/mm/dd@HH:MM:SS] COMMAND: !setcoon used by editor with the following arguments:
[yyyy/mm/dd@HH:MM:SS] ERROR: editor tried to create a URL co-stream message with no success. (Reason: Missing arguments)
[yyyy/mm/dd@HH:MM:SS] COMMAND: !setcoon used by moderator with the following arguments: ['friend1']
[yyyy/mm/dd@HH:MM:SS] INFO: moderator changed friends caster is playing with to: friend1/
[yyyy/mm/dd@HH:MM:SS] SETTINGS: moderator has changed the URL to: http://selected.provider/caster/friend1/
[yyyy/mm/dd@HH:MM:SS] INFO: the co-stream url was displayed in chat automatically.
[yyyy/mm/dd@HH:MM:SS] COMMAND: !setcogame used by caster with the following arguments: newGame
[yyyy/mm/dd@HH:MM:SS] SETTINGS: caster has changed the game to: newGame
[yyyy/mm/dd@HH:MM:SS] COMMAND: !costream used by user2 with the following arguments:
[yyyy/mm/dd@HH:MM:SS] INFO: user2 displayed the url in chat.
[yyyy/mm/dd@HH:MM:SS] COMMAND: !setcoon used by caster with the following arguments: ['friend2', 'friend3']
[yyyy/mm/dd@HH:MM:SS] INFO: caster changed friends caster is playing with to: friend2/friend3/
[yyyy/mm/dd@HH:MM:SS] SETTINGS: caster has changed the URL to: http://selected.provider/caster/friend2/friend3/
[yyyy/mm/dd@HH:MM:SS] COMMAND: !costream used by moderator with the following arguments:
[yyyy/mm/dd@HH:MM:SS] INFO: moderator displayed the url in chat.
[yyyy/mm/dd@HH:MM:SS] COMMAND: !setcogame used by editor with the following arguments:
[yyyy/mm/dd@HH:MM:SS] ERROR: editor tried to change the game, with no success. (Reason: Missing arguments)
[yyyy/mm/dd@HH:MM:SS] COMMAND: !setcogame used by editor with the following arguments: auto
[yyyy/mm/dd@HH:MM:SS] SETTINGS: editor has changed the game to: twitchDashboardGame
[yyyy/mm/dd@HH:MM:SS] COMMAND: !costream used by caster with the following arguments:
[yyyy/mm/dd@HH:MM:SS] INFO: caster displayed the url in chat.
[yyyy/mm/dd@HH:MM:SS] COMMAND: !setcooff used by caster with the following arguments:
[yyyy/mm/dd@HH:MM:SS] SETTINGS: caster disabled the co-stream url with success.
=========
This is the end of the SettingsLog file.
