These is the begin of the file for Multi-Streaming Utility on 2019/11/01@162413:
Below you have a list of last saved settings, updated just AFTER you press "Save Settings" button:
[2019/11/01@16:24:13] Settings - Message to sent in chat with Multi-Streaming link: /me {caster} is currently multi-streaming with {friends} at {link} ! Click the link to a multi-view of {game}!
[2019/11/01@16:24:13] Settings - Preferred Multi-Streaming provider: provider
[2019/11/01@16:24:13] Settings - Game played during Multi-streaming: GamePlayed
[2019/11/01@16:24:13] Settings - Command to set link for Multi-Streaming: !setmultion
[2019/11/01@16:24:13] Settings - Command to reset link for Multi-Streaming: !setmultioff
[2019/11/01@16:24:13] Settings - Command to set game manually: !setmultigame
[2019/11/01@16:24:13] Settings - Command to display Multi-Streaming link in chat: !multi
[2019/11/01@16:24:13] Settings - User cooldown between uses of Multi-Streaming display command: 5.0
[2019/11/01@16:24:13] Settings - Allow the script to auto post Multi-Stream link: True
[2019/11/01@16:24:13] Settings - Time between auto Multi-Streaming Messages: 15.0
[2019/11/01@16:24:13] Settings - URL created for display in chat: 
[2019/11/01@16:45:23] Error - user tried to display the link in chat with no success. (Error: No URL was set).
[2019/11/01@16:45:40] Error - user tried to display the link in chat with no success. (Error: No URL was set).
[2019/11/01@16:45:45] Error - user tried to create a URL multi-stream message with no success. (Error: Missing arguments)
[2019/11/01@16:45:55] Info - user has changed friends caster is/was playing with to: friend1/
[2019/11/01@16:45:55] Settings - caster has changed the URL to: http://provider/caster/friend1/
[2019/11/01@16:45:55] Info - the multi-stream link was displayed in chat automatically.
[2019/11/01@16:46:15] Settings - caster has changed the game to: <yourGame>
[2019/11/01@16:46:21] Info - user displayed the link in chat.
[2019/11/01@16:46:36] Info - caster has changed friends caster is/was playing with to: friend1/friend2/
[2019/11/01@16:46:36] Settings - caster has changed the URL to: http://provider/caster/friend1/friend2/
[2019/11/01@16:46:45] Settings - user has changed the game to: lastPlayedGame
[2019/11/01@16:46:58] Info - user has changed friends caster is/was playing with to: friend3/
[2019/11/01@16:46:58] Settings - user has changed the URL to: http://provider/caster/friend3/
[2019/11/01@16:47:04] Info - user displayed the link in chat.
[2019/11/01@16:47:10] Settings - user disabled the multi-stream link with success.
[2019/11/01@16:47:17] Error - user tried to display the link in chat with no success. (Error: No URL was set).
This is the end of the SettingsLog file.